2024-11-28 07:24:43,690 - INFO - Starting the main data cleaning pipeline.
2024-11-28 07:24:43,691 - INFO - Cleaning 'closed_date' column.
2024-11-28 07:24:45,741 - INFO - 'closed_date': 4809535 missing values before, 5467347 after cleaning.
2024-11-28 07:24:46,142 - INFO - Cleaning 'latitude' and 'longitude' columns.
2024-11-28 07:24:47,094 - INFO - Created ZIP mapping for 920 ZIP codes.
2024-11-28 07:24:47,667 - INFO - 'latitude': Missing values after cleaning: 4492.
2024-11-28 07:24:47,667 - INFO - 'longitude': Missing values after cleaning: 4505.
2024-11-28 07:24:48,127 - INFO - Cleaning categorical column 'descriptor' using grouping on ['complaint_type', 'location_type'].
2024-11-28 07:24:55,301 - INFO - 'descriptor': Missing values after cleaning: 12.
2024-11-28 07:24:55,310 - INFO - Cleaning categorical column 'location_type' using grouping on ['complaint_type', 'descriptor'].
2024-11-28 07:25:02,879 - INFO - 'location_type': Missing values after cleaning: 12.
2024-11-28 07:25:03,357 - INFO - Cleaning 'incident_address' and related address fields.
2024-11-28 07:25:03,866 - INFO - Cleaning 'bbl' column.
2024-11-28 07:25:04,279 - INFO - 'bbl': Missing values after cleaning: 899.
2024-11-28 07:25:04,916 - INFO - Dropping columns with high missing values: ['taxi_pick_up_location', 'vehicle_type'].
2024-11-28 07:25:05,085 - INFO - Dropping redundant location columns: ['intersection_street_1', 'intersection_street_2', 'cross_street_1', 'cross_street_2'].
2024-11-28 07:25:05,238 - INFO - Dropping redundant columns: 'x_coordinate_state_plane', 'y_coordinate_state_plane'.
2024-11-28 07:25:05,376 - INFO - Dropping redundant columns: 'agency', 'location'.
2024-11-28 07:25:05,497 - INFO - Cleaning remaining columns.
2024-11-28 07:25:05,952 - INFO - Data cleaning pipeline completed successfully.
